<?xml version="1.0" encoding="UTF-8"?>
<testng-results ignored="0" total="34" passed="34" failed="0" skipped="0">
  <reporter-output>
  </reporter-output>
  <suite started-at="2019-11-05T01:19:02Z" name="EmployeesRestAPISuite" finished-at="2019-11-05T01:19:33Z" duration-ms="31441">
    <groups>
    </groups>
    <test started-at="2019-11-05T01:19:02Z" name="EmployeesRestAPITest" finished-at="2019-11-05T01:19:33Z" duration-ms="31441">
      <class name="com.employeeapi.testCases.TC003_Post_Employee_Record">
        <test-method is-config="true" signature="setup()[pri:0, instance:com.employeeapi.testCases.TC003_Post_Employee_Record@3bd40a57]" started-at="2019-11-05T01:19:17Z" name="setup" finished-at="2019-11-05T01:19:17Z" duration-ms="2" status="PASS">
          <reporter-output>
          </reporter-output>
        </test-method> <!-- setup -->
        <test-method is-config="true" signature="createEmployee()[pri:0, instance:com.employeeapi.testCases.TC003_Post_Employee_Record@3bd40a57]" started-at="2019-11-05T01:19:17Z" name="createEmployee" finished-at="2019-11-05T01:19:24Z" duration-ms="6366" status="PASS">
          <reporter-output>
          </reporter-output>
        </test-method> <!-- createEmployee -->
        <test-method signature="checkContentType()[pri:0, instance:com.employeeapi.testCases.TC003_Post_Employee_Record@3bd40a57]" started-at="2019-11-05T01:19:24Z" name="checkContentType" finished-at="2019-11-05T01:19:24Z" duration-ms="1" status="PASS">
          <reporter-output>
          </reporter-output>
        </test-method> <!-- checkContentType -->
        <test-method signature="checkResposeBody()[pri:0, instance:com.employeeapi.testCases.TC003_Post_Employee_Record@3bd40a57]" started-at="2019-11-05T01:19:24Z" name="checkResposeBody" finished-at="2019-11-05T01:19:24Z" duration-ms="3" status="PASS">
          <reporter-output>
          </reporter-output>
        </test-method> <!-- checkResposeBody -->
        <test-method signature="checkStatusCode()[pri:0, instance:com.employeeapi.testCases.TC003_Post_Employee_Record@3bd40a57]" started-at="2019-11-05T01:19:24Z" name="checkStatusCode" finished-at="2019-11-05T01:19:24Z" duration-ms="1" status="PASS">
          <reporter-output>
          </reporter-output>
        </test-method> <!-- checkStatusCode -->
        <test-method signature="checkcontentEncoding()[pri:0, instance:com.employeeapi.testCases.TC003_Post_Employee_Record@3bd40a57]" started-at="2019-11-05T01:19:24Z" name="checkcontentEncoding" finished-at="2019-11-05T01:19:24Z" duration-ms="1" status="PASS">
          <reporter-output>
          </reporter-output>
        </test-method> <!-- checkcontentEncoding -->
        <test-method signature="checkserverType()[pri:0, instance:com.employeeapi.testCases.TC003_Post_Employee_Record@3bd40a57]" started-at="2019-11-05T01:19:24Z" name="checkserverType" finished-at="2019-11-05T01:19:24Z" duration-ms="2" status="PASS">
          <reporter-output>
          </reporter-output>
        </test-method> <!-- checkserverType -->
        <test-method signature="checkstatusLine()[pri:0, instance:com.employeeapi.testCases.TC003_Post_Employee_Record@3bd40a57]" started-at="2019-11-05T01:19:24Z" name="checkstatusLine" finished-at="2019-11-05T01:19:24Z" duration-ms="1" status="PASS">
          <reporter-output>
          </reporter-output>
        </test-method> <!-- checkstatusLine -->
        <test-method is-config="true" signature="tearDown()[pri:0, instance:com.employeeapi.testCases.TC003_Post_Employee_Record@3bd40a57]" started-at="2019-11-05T01:19:24Z" name="tearDown" finished-at="2019-11-05T01:19:24Z" duration-ms="1" status="PASS">
          <reporter-output>
          </reporter-output>
        </test-method> <!-- tearDown -->
      </class> <!-- com.employeeapi.testCases.TC003_Post_Employee_Record -->
      <class name="com.employeeapi.testCases.TC005_Delete_Employee_Record">
        <test-method is-config="true" signature="setup()[pri:0, instance:com.employeeapi.testCases.TC005_Delete_Employee_Record@d83da2e]" started-at="2019-11-05T01:19:29Z" name="setup" finished-at="2019-11-05T01:19:29Z" duration-ms="3" status="PASS">
          <reporter-output>
          </reporter-output>
        </test-method> <!-- setup -->
        <test-method is-config="true" signature="deleteEmployee()[pri:0, instance:com.employeeapi.testCases.TC005_Delete_Employee_Record@d83da2e]" started-at="2019-11-05T01:19:29Z" name="deleteEmployee" finished-at="2019-11-05T01:19:33Z" duration-ms="4291" status="PASS">
          <reporter-output>
          </reporter-output>
        </test-method> <!-- deleteEmployee -->
        <test-method signature="checkContentType()[pri:0, instance:com.employeeapi.testCases.TC005_Delete_Employee_Record@d83da2e]" started-at="2019-11-05T01:19:33Z" name="checkContentType" finished-at="2019-11-05T01:19:33Z" duration-ms="2" status="PASS">
          <reporter-output>
          </reporter-output>
        </test-method> <!-- checkContentType -->
        <test-method signature="checkResposeBody()[pri:0, instance:com.employeeapi.testCases.TC005_Delete_Employee_Record@d83da2e]" started-at="2019-11-05T01:19:33Z" name="checkResposeBody" finished-at="2019-11-05T01:19:33Z" duration-ms="2" status="PASS">
          <reporter-output>
          </reporter-output>
        </test-method> <!-- checkResposeBody -->
        <test-method signature="checkStatusCode()[pri:0, instance:com.employeeapi.testCases.TC005_Delete_Employee_Record@d83da2e]" started-at="2019-11-05T01:19:33Z" name="checkStatusCode" finished-at="2019-11-05T01:19:33Z" duration-ms="2" status="PASS">
          <reporter-output>
          </reporter-output>
        </test-method> <!-- checkStatusCode -->
        <test-method signature="checkcontentEncoding()[pri:0, instance:com.employeeapi.testCases.TC005_Delete_Employee_Record@d83da2e]" started-at="2019-11-05T01:19:33Z" name="checkcontentEncoding" finished-at="2019-11-05T01:19:33Z" duration-ms="1" status="PASS">
          <reporter-output>
          </reporter-output>
        </test-method> <!-- checkcontentEncoding -->
        <test-method signature="checkserverType()[pri:0, instance:com.employeeapi.testCases.TC005_Delete_Employee_Record@d83da2e]" started-at="2019-11-05T01:19:33Z" name="checkserverType" finished-at="2019-11-05T01:19:33Z" duration-ms="1" status="PASS">
          <reporter-output>
          </reporter-output>
        </test-method> <!-- checkserverType -->
        <test-method signature="checkstatusLine()[pri:0, instance:com.employeeapi.testCases.TC005_Delete_Employee_Record@d83da2e]" started-at="2019-11-05T01:19:33Z" name="checkstatusLine" finished-at="2019-11-05T01:19:33Z" duration-ms="0" status="PASS">
          <reporter-output>
          </reporter-output>
        </test-method> <!-- checkstatusLine -->
        <test-method is-config="true" signature="tearDown()[pri:0, instance:com.employeeapi.testCases.TC005_Delete_Employee_Record@d83da2e]" started-at="2019-11-05T01:19:33Z" name="tearDown" finished-at="2019-11-05T01:19:33Z" duration-ms="1" status="PASS">
          <reporter-output>
          </reporter-output>
        </test-method> <!-- tearDown -->
      </class> <!-- com.employeeapi.testCases.TC005_Delete_Employee_Record -->
      <class name="com.employeeapi.testCases.TC001_Get_All_Employees">
        <test-method is-config="true" signature="setup()[pri:0, instance:com.employeeapi.testCases.TC001_Get_All_Employees@19d37183]" started-at="2019-11-05T01:19:02Z" name="setup" finished-at="2019-11-05T01:19:02Z" duration-ms="39" status="PASS">
          <reporter-output>
          </reporter-output>
        </test-method> <!-- setup -->
        <test-method is-config="true" signature="getAllEmployees()[pri:0, instance:com.employeeapi.testCases.TC001_Get_All_Employees@19d37183]" started-at="2019-11-05T01:19:02Z" name="getAllEmployees" finished-at="2019-11-05T01:19:10Z" duration-ms="7675" status="PASS">
          <reporter-output>
          </reporter-output>
        </test-method> <!-- getAllEmployees -->
        <test-method signature="checkContentLenght()[pri:0, instance:com.employeeapi.testCases.TC001_Get_All_Employees@19d37183]" started-at="2019-11-05T01:19:10Z" name="checkContentLenght" finished-at="2019-11-05T01:19:10Z" duration-ms="6" status="PASS">
          <reporter-output>
          </reporter-output>
        </test-method> <!-- checkContentLenght -->
        <test-method signature="checkContentType()[pri:0, instance:com.employeeapi.testCases.TC001_Get_All_Employees@19d37183]" started-at="2019-11-05T01:19:10Z" name="checkContentType" finished-at="2019-11-05T01:19:10Z" duration-ms="2" status="PASS">
          <reporter-output>
          </reporter-output>
        </test-method> <!-- checkContentType -->
        <test-method signature="checkCookies()[pri:0, instance:com.employeeapi.testCases.TC001_Get_All_Employees@19d37183]" started-at="2019-11-05T01:19:10Z" name="checkCookies" finished-at="2019-11-05T01:19:10Z" duration-ms="1" status="PASS">
          <reporter-output>
          </reporter-output>
        </test-method> <!-- checkCookies -->
        <test-method signature="checkResponseTime()[pri:0, instance:com.employeeapi.testCases.TC001_Get_All_Employees@19d37183]" started-at="2019-11-05T01:19:10Z" name="checkResponseTime" finished-at="2019-11-05T01:19:10Z" duration-ms="2" status="PASS">
          <reporter-output>
          </reporter-output>
        </test-method> <!-- checkResponseTime -->
        <test-method signature="checkResposeBody()[pri:0, instance:com.employeeapi.testCases.TC001_Get_All_Employees@19d37183]" started-at="2019-11-05T01:19:10Z" name="checkResposeBody" finished-at="2019-11-05T01:19:10Z" duration-ms="38" status="PASS">
          <reporter-output>
          </reporter-output>
        </test-method> <!-- checkResposeBody -->
        <test-method signature="checkStatusCode()[pri:0, instance:com.employeeapi.testCases.TC001_Get_All_Employees@19d37183]" started-at="2019-11-05T01:19:10Z" name="checkStatusCode" finished-at="2019-11-05T01:19:10Z" duration-ms="3" status="PASS">
          <reporter-output>
          </reporter-output>
        </test-method> <!-- checkStatusCode -->
        <test-method signature="checkcontentEncoding()[pri:0, instance:com.employeeapi.testCases.TC001_Get_All_Employees@19d37183]" started-at="2019-11-05T01:19:10Z" name="checkcontentEncoding" finished-at="2019-11-05T01:19:10Z" duration-ms="1" status="PASS">
          <reporter-output>
          </reporter-output>
        </test-method> <!-- checkcontentEncoding -->
        <test-method signature="checkserverType()[pri:0, instance:com.employeeapi.testCases.TC001_Get_All_Employees@19d37183]" started-at="2019-11-05T01:19:10Z" name="checkserverType" finished-at="2019-11-05T01:19:10Z" duration-ms="3" status="PASS">
          <reporter-output>
          </reporter-output>
        </test-method> <!-- checkserverType -->
        <test-method signature="checkstatusLine()[pri:0, instance:com.employeeapi.testCases.TC001_Get_All_Employees@19d37183]" started-at="2019-11-05T01:19:10Z" name="checkstatusLine" finished-at="2019-11-05T01:19:10Z" duration-ms="1" status="PASS">
          <reporter-output>
          </reporter-output>
        </test-method> <!-- checkstatusLine -->
        <test-method is-config="true" signature="tearDown()[pri:0, instance:com.employeeapi.testCases.TC001_Get_All_Employees@19d37183]" started-at="2019-11-05T01:19:10Z" name="tearDown" finished-at="2019-11-05T01:19:10Z" duration-ms="0" status="PASS">
          <reporter-output>
          </reporter-output>
        </test-method> <!-- tearDown -->
      </class> <!-- com.employeeapi.testCases.TC001_Get_All_Employees -->
      <class name="com.employeeapi.testCases.TC004_Put_Employee_Record">
        <test-method is-config="true" signature="setup()[pri:0, instance:com.employeeapi.testCases.TC004_Put_Employee_Record@fdefd3f]" started-at="2019-11-05T01:19:24Z" name="setup" finished-at="2019-11-05T01:19:24Z" duration-ms="2" status="PASS">
          <reporter-output>
          </reporter-output>
        </test-method> <!-- setup -->
        <test-method is-config="true" signature="updateEmployee()[pri:0, instance:com.employeeapi.testCases.TC004_Put_Employee_Record@fdefd3f]" started-at="2019-11-05T01:19:24Z" name="updateEmployee" finished-at="2019-11-05T01:19:29Z" duration-ms="5328" status="PASS">
          <reporter-output>
          </reporter-output>
        </test-method> <!-- updateEmployee -->
        <test-method signature="checkContentType()[pri:0, instance:com.employeeapi.testCases.TC004_Put_Employee_Record@fdefd3f]" started-at="2019-11-05T01:19:29Z" name="checkContentType" finished-at="2019-11-05T01:19:29Z" duration-ms="1" status="PASS">
          <reporter-output>
          </reporter-output>
        </test-method> <!-- checkContentType -->
        <test-method signature="checkResposeBody()[pri:0, instance:com.employeeapi.testCases.TC004_Put_Employee_Record@fdefd3f]" started-at="2019-11-05T01:19:29Z" name="checkResposeBody" finished-at="2019-11-05T01:19:29Z" duration-ms="2" status="PASS">
          <reporter-output>
          </reporter-output>
        </test-method> <!-- checkResposeBody -->
        <test-method signature="checkStatusCode()[pri:0, instance:com.employeeapi.testCases.TC004_Put_Employee_Record@fdefd3f]" started-at="2019-11-05T01:19:29Z" name="checkStatusCode" finished-at="2019-11-05T01:19:29Z" duration-ms="1" status="PASS">
          <reporter-output>
          </reporter-output>
        </test-method> <!-- checkStatusCode -->
        <test-method signature="checkcontentEncoding()[pri:0, instance:com.employeeapi.testCases.TC004_Put_Employee_Record@fdefd3f]" started-at="2019-11-05T01:19:29Z" name="checkcontentEncoding" finished-at="2019-11-05T01:19:29Z" duration-ms="1" status="PASS">
          <reporter-output>
          </reporter-output>
        </test-method> <!-- checkcontentEncoding -->
        <test-method signature="checkserverType()[pri:0, instance:com.employeeapi.testCases.TC004_Put_Employee_Record@fdefd3f]" started-at="2019-11-05T01:19:29Z" name="checkserverType" finished-at="2019-11-05T01:19:29Z" duration-ms="1" status="PASS">
          <reporter-output>
          </reporter-output>
        </test-method> <!-- checkserverType -->
        <test-method signature="checkstatusLine()[pri:0, instance:com.employeeapi.testCases.TC004_Put_Employee_Record@fdefd3f]" started-at="2019-11-05T01:19:29Z" name="checkstatusLine" finished-at="2019-11-05T01:19:29Z" duration-ms="1" status="PASS">
          <reporter-output>
          </reporter-output>
        </test-method> <!-- checkstatusLine -->
        <test-method is-config="true" signature="tearDown()[pri:0, instance:com.employeeapi.testCases.TC004_Put_Employee_Record@fdefd3f]" started-at="2019-11-05T01:19:29Z" name="tearDown" finished-at="2019-11-05T01:19:29Z" duration-ms="0" status="PASS">
          <reporter-output>
          </reporter-output>
        </test-method> <!-- tearDown -->
      </class> <!-- com.employeeapi.testCases.TC004_Put_Employee_Record -->
      <class name="com.employeeapi.testCases.TC002_Get_Single_employee_Record">
        <test-method is-config="true" signature="setup()[pri:0, instance:com.employeeapi.testCases.TC002_Get_Single_employee_Record@1a0dcaa]" started-at="2019-11-05T01:19:10Z" name="setup" finished-at="2019-11-05T01:19:10Z" duration-ms="3" status="PASS">
          <reporter-output>
          </reporter-output>
        </test-method> <!-- setup -->
        <test-method is-config="true" signature="getEmployeeData()[pri:0, instance:com.employeeapi.testCases.TC002_Get_Single_employee_Record@1a0dcaa]" started-at="2019-11-05T01:19:10Z" name="getEmployeeData" finished-at="2019-11-05T01:19:17Z" duration-ms="7336" status="PASS">
          <reporter-output>
          </reporter-output>
        </test-method> <!-- getEmployeeData -->
        <test-method signature="checkContentLenght()[pri:0, instance:com.employeeapi.testCases.TC002_Get_Single_employee_Record@1a0dcaa]" started-at="2019-11-05T01:19:17Z" name="checkContentLenght" finished-at="2019-11-05T01:19:17Z" duration-ms="3" status="PASS">
          <reporter-output>
          </reporter-output>
        </test-method> <!-- checkContentLenght -->
        <test-method signature="checkContentType()[pri:0, instance:com.employeeapi.testCases.TC002_Get_Single_employee_Record@1a0dcaa]" started-at="2019-11-05T01:19:17Z" name="checkContentType" finished-at="2019-11-05T01:19:17Z" duration-ms="3" status="PASS">
          <reporter-output>
          </reporter-output>
        </test-method> <!-- checkContentType -->
        <test-method signature="checkResponseTime()[pri:0, instance:com.employeeapi.testCases.TC002_Get_Single_employee_Record@1a0dcaa]" started-at="2019-11-05T01:19:17Z" name="checkResponseTime" finished-at="2019-11-05T01:19:17Z" duration-ms="3" status="PASS">
          <reporter-output>
          </reporter-output>
        </test-method> <!-- checkResponseTime -->
        <test-method signature="checkResposeBody()[pri:0, instance:com.employeeapi.testCases.TC002_Get_Single_employee_Record@1a0dcaa]" started-at="2019-11-05T01:19:17Z" name="checkResposeBody" finished-at="2019-11-05T01:19:17Z" duration-ms="3" status="PASS">
          <reporter-output>
          </reporter-output>
        </test-method> <!-- checkResposeBody -->
        <test-method signature="checkStatusCode()[pri:0, instance:com.employeeapi.testCases.TC002_Get_Single_employee_Record@1a0dcaa]" started-at="2019-11-05T01:19:17Z" name="checkStatusCode" finished-at="2019-11-05T01:19:17Z" duration-ms="1" status="PASS">
          <reporter-output>
          </reporter-output>
        </test-method> <!-- checkStatusCode -->
        <test-method signature="checkserverType()[pri:0, instance:com.employeeapi.testCases.TC002_Get_Single_employee_Record@1a0dcaa]" started-at="2019-11-05T01:19:17Z" name="checkserverType" finished-at="2019-11-05T01:19:17Z" duration-ms="2" status="PASS">
          <reporter-output>
          </reporter-output>
        </test-method> <!-- checkserverType -->
        <test-method signature="checkstatusLine()[pri:0, instance:com.employeeapi.testCases.TC002_Get_Single_employee_Record@1a0dcaa]" started-at="2019-11-05T01:19:17Z" name="checkstatusLine" finished-at="2019-11-05T01:19:17Z" duration-ms="1" status="PASS">
          <reporter-output>
          </reporter-output>
        </test-method> <!-- checkstatusLine -->
        <test-method is-config="true" signature="tearDown()[pri:0, instance:com.employeeapi.testCases.TC002_Get_Single_employee_Record@1a0dcaa]" started-at="2019-11-05T01:19:17Z" name="tearDown" finished-at="2019-11-05T01:19:17Z" duration-ms="1" status="PASS">
          <reporter-output>
          </reporter-output>
        </test-method> <!-- tearDown -->
      </class> <!-- com.employeeapi.testCases.TC002_Get_Single_employee_Record -->
    </test> <!-- EmployeesRestAPITest -->
  </suite> <!-- EmployeesRestAPISuite -->
</testng-results>
